Library/Bee/Android/Prj/IL2CPP/Gradle/unityLibrary/build/intermediates/manifest_merge_blame_file/release/manifest-merger-blame-release-report.txt
1<?xml version="1.0" encoding="utf-8"?>
2<manifest xmlns:android="http://schemas.android.com/apk/res/android"
3    xmlns:tools="http://schemas.android.com/tools"
4    package="com.unity3d.player" >
5
6    <uses-sdk
7        android:minSdkVersion="22"
7-->src\main\AndroidManifest.xml
8        android:targetSdkVersion="33" />
8-->src\main\AndroidManifest.xml
9
10    <uses-feature android:glEsVersion="0x00030000" />
10-->src\main\AndroidManifest.xml:3:3-52
10-->src\main\AndroidManifest.xml:3:17-49
11    <uses-feature
11-->src\main\AndroidManifest.xml:4:3-91
12        android:name="android.hardware.vulkan.version"
12-->src\main\AndroidManifest.xml:4:17-63
13        android:required="false" />
13-->src\main\AndroidManifest.xml:4:64-88
14    <uses-feature
14-->src\main\AndroidManifest.xml:5:3-88
15        android:name="android.hardware.touchscreen"
15-->src\main\AndroidManifest.xml:5:17-60
16        android:required="false" />
16-->src\main\AndroidManifest.xml:5:61-85
17    <uses-feature
17-->src\main\AndroidManifest.xml:6:3-99
18        android:name="android.hardware.touchscreen.multitouch"
18-->src\main\AndroidManifest.xml:6:17-71
19        android:required="false" />
19-->src\main\AndroidManifest.xml:6:72-96
20    <uses-feature
20-->src\main\AndroidManifest.xml:7:3-108
21        android:name="android.hardware.touchscreen.multitouch.distinct"
21-->src\main\AndroidManifest.xml:7:17-80
22        android:required="false" />
22-->src\main\AndroidManifest.xml:7:81-105
23
24    <uses-permission android:name="android.permission.POST_NOTIFICATIONS" />
24-->src\main\AndroidManifest.xml:33:3-75
24-->src\main\AndroidManifest.xml:33:20-72
25
26    <application
26-->src\main\AndroidManifest.xml:8:3-32:17
27        android:appCategory="game"
27-->src\main\AndroidManifest.xml:8:49-75
28        android:extractNativeLibs="true" >
28-->src\main\AndroidManifest.xml:8:16-48
29        <meta-data
29-->src\main\AndroidManifest.xml:9:5-69
30            android:name="unity.splash-mode"
30-->src\main\AndroidManifest.xml:9:16-48
31            android:value="0" />
31-->src\main\AndroidManifest.xml:9:49-66
32        <meta-data
32-->src\main\AndroidManifest.xml:10:5-74
33            android:name="unity.splash-enable"
33-->src\main\AndroidManifest.xml:10:16-50
34            android:value="True" />
34-->src\main\AndroidManifest.xml:10:51-71
35        <meta-data
35-->src\main\AndroidManifest.xml:11:5-78
36            android:name="unity.launch-fullscreen"
36-->src\main\AndroidManifest.xml:11:16-54
37            android:value="True" />
37-->src\main\AndroidManifest.xml:11:55-75
38        <meta-data
38-->src\main\AndroidManifest.xml:12:5-84
39            android:name="unity.allow-resizable-window"
39-->src\main\AndroidManifest.xml:12:16-59
40            android:value="False" />
40-->src\main\AndroidManifest.xml:12:60-81
41        <meta-data
41-->src\main\AndroidManifest.xml:13:5-81
42            android:name="notch.config"
42-->src\main\AndroidManifest.xml:13:16-43
43            android:value="portrait|landscape" />
43-->src\main\AndroidManifest.xml:13:44-78
44        <meta-data
44-->src\main\AndroidManifest.xml:14:5-84
45            android:name="unity.auto-report-fully-drawn"
45-->src\main\AndroidManifest.xml:14:16-60
46            android:value="true" />
46-->src\main\AndroidManifest.xml:14:61-81
47        <meta-data
47-->src\main\AndroidManifest.xml:15:5-78
48            android:name="unity.strip-engine-code"
48-->src\main\AndroidManifest.xml:15:16-54
49            android:value="true" />
49-->src\main\AndroidManifest.xml:15:55-75
50        <meta-data
50-->src\main\AndroidManifest.xml:16:5-99
51            android:name="android.game_mode_config"
51-->src\main\AndroidManifest.xml:16:16-55
52            android:resource="@xml/game_mode_config" />
52-->src\main\AndroidManifest.xml:16:56-96
53
54        <activity
54-->src\main\AndroidManifest.xml:17:5-24:16
55            android:name="com.unity3d.player.UnityPlayerActivity"
55-->src\main\AndroidManifest.xml:17:312-365
56            android:configChanges="mcc|mnc|locale|touchscreen|keyboard|keyboardHidden|navigation|orientation|screenLayout|uiMode|screenSize|smallestScreenSize|fontScale|layoutDirection|density"
56-->src\main\AndroidManifest.xml:17:15-196
57            android:enabled="true"
57-->src\main\AndroidManifest.xml:17:197-219
58            android:exported="true"
58-->src\main\AndroidManifest.xml:17:220-243
59            android:hardwareAccelerated="false"
59-->src\main\AndroidManifest.xml:17:244-279
60            android:launchMode="singleTask"
60-->src\main\AndroidManifest.xml:17:280-311
61            android:resizeableActivity="false"
61-->src\main\AndroidManifest.xml:17:366-400
62            android:screenOrientation="fullUser"
62-->src\main\AndroidManifest.xml:17:401-437
63            android:theme="@style/UnityThemeSelector" >
63-->src\main\AndroidManifest.xml:17:438-479
64            <intent-filter>
64-->src\main\AndroidManifest.xml:18:7-21:23
65                <category android:name="android.intent.category.LAUNCHER" />
65-->src\main\AndroidManifest.xml:19:9-69
65-->src\main\AndroidManifest.xml:19:19-66
66
67                <action android:name="android.intent.action.MAIN" />
67-->src\main\AndroidManifest.xml:20:9-61
67-->src\main\AndroidManifest.xml:20:17-58
68            </intent-filter>
69
70            <meta-data
70-->src\main\AndroidManifest.xml:22:7-82
71                android:name="unityplayer.UnityActivity"
71-->src\main\AndroidManifest.xml:22:18-58
72                android:value="true" />
72-->src\main\AndroidManifest.xml:22:59-79
73            <meta-data
73-->src\main\AndroidManifest.xml:23:7-70
74                android:name="notch_support"
74-->src\main\AndroidManifest.xml:23:18-46
75                android:value="true" />
75-->src\main\AndroidManifest.xml:23:47-67
76        </activity>
77
78        <receiver
78-->src\main\AndroidManifest.xml:25:5-113
79            android:name="com.unity.androidnotifications.UnityNotificationManager"
79-->src\main\AndroidManifest.xml:25:15-85
80            android:exported="false" />
80-->src\main\AndroidManifest.xml:25:86-110
81        <receiver
81-->src\main\AndroidManifest.xml:26:5-30:16
82            android:name="com.unity.androidnotifications.UnityNotificationRestartOnBootReceiver"
82-->src\main\AndroidManifest.xml:26:15-99
83            android:enabled="false"
83-->src\main\AndroidManifest.xml:26:100-123
84            android:exported="false" >
84-->src\main\AndroidManifest.xml:26:124-148
85            <intent-filter>
85-->src\main\AndroidManifest.xml:27:7-29:23
86                <action android:name="android.intent.action.BOOT_COMPLETED" />
86-->src\main\AndroidManifest.xml:28:9-71
86-->src\main\AndroidManifest.xml:28:17-68
87            </intent-filter>
88        </receiver>
89
90        <meta-data
90-->src\main\AndroidManifest.xml:31:5-99
91            android:name="com.unity.androidnotifications.exact_scheduling"
91-->src\main\AndroidManifest.xml:31:16-78
92            android:value="0" />
92-->src\main\AndroidManifest.xml:31:79-96
93    </application>
94
95</manifest>